Drill Listing
=============
Drill: .01181  Tool: 1  Feed: 95  Speed: 300
X 13779  Y 57086
X 43307  Y 25590
X 98425  Y 39370
X 141732  Y 51181
X 150787  Y 48031
X 151574  Y 7874
X 164566  Y 53149
X 172047  Y 31889
X 172440  Y 53149
X 185039  Y 28740
X 188582  Y 42519
X 188582  Y 38976
X 192913  Y 42519
X 192913  Y 38976
X 197244  Y 42519
X 197244  Y 38976
X 209448  Y 28740
X 210236  Y 49212
X 211023  Y 41732
X 212598  Y 44881
X 215354  Y 47244
X 215354  Y 53543
X 227952  Y 54330
X 233464  Y 57086
X 251968  Y 51181
X 255905  Y 56692
X 261023  Y 53149
X 280708  Y 36220
X 284251  Y 53543
X 288188  Y 49212
X 299212  Y 28740
X 302755  Y 42125
X 302755  Y 38582
X 307086  Y 42125
X 307086  Y 38582
X 311417  Y 42125
X 311417  Y 38582
X 314960  Y 7874
X 323228  Y 28740
X 324015  Y 42125
X 328346  Y 56299
X 331496  Y 53543
X 332283  Y 49212
X 345669  Y 46062
X 346456  Y 55118
X 351968  Y 40157
X 353543  Y 36614
X 360236  Y 35433
X 411417  Y 43307
X 429133  Y 7874
X 436220  Y 15354
X 437795  Y 9842
X 492125  Y 49212
X 503937  Y 25590
X 506299  Y 40551
X 507086  Y 35826
X 510236  Y 40551
X 513385  Y 40551
X 523228  Y 37795
X 523228  Y 34645
X 523228  Y 26377
X 523622  Y 54724
X 527165  Y 34645
X 527165  Y 26377
X 527165  Y 37795
X 527165  Y 54724
X 536614  Y 36220
X 536614  Y 40551
X 539763  Y 36220
X 540157  Y 40551
X 542913  Y 26377
X 564960  Y 23622
X 569291  Y 30314
X 569685  Y 34645
X 600393  Y 32677
X 609842  Y 24803
X 617716  Y 42125
X 617716  Y 38976
X 622047  Y 42125
X 622047  Y 38976
X 626377  Y 38976
X 626377  Y 42125
X 633464  Y 24409
X 638976  Y 42125
X 644094  Y 48425
X 647244  Y 43700
X 647637  Y 51968
X 650393  Y 39763
X 670866  Y 54724
X 675196  Y 29527
X 677165  Y 49212
X 679921  Y 57086
X 709842  Y 57086
X 714566  Y 51181
X 716141  Y 54724
X 721259  Y 50000
X 726377  Y 32283
X 728346  Y 52362
X 736614  Y 24803
X 743700  Y 38976
X 743700  Y 42519
X 748031  Y 42519
X 748031  Y 38976
X 748031  Y 29527
X 752362  Y 38976
X 752362  Y 42519
X 759448  Y 24803
X 765354  Y 42125
X 770866  Y 50787
X 775196  Y 49606
X 777952  Y 55511
X 784645  Y 52755
X 789370  Y 46456
X 791338  Y 55118
X 793700  Y 43700
X 795275  Y 17716
X 856299  Y 25590
X 909448  Y 68897
X 854330  Y 70866
X 794881  Y 82283
X 791338  Y 72834
X 790551  Y 79921
X 783070  Y 62992
X 779133  Y 62992
X 774803  Y 76771
X 769685  Y 77559
X 761811  Y 70866
X 752362  Y 63385
X 752362  Y 59842
X 748031  Y 63385
X 748031  Y 59842
X 743700  Y 63385
X 743700  Y 59842
X 740157  Y 79921
X 737401  Y 82283
X 731496  Y 81889
X 723622  Y 80314
X 702755  Y 68897
X 651574  Y 68897
X 626377  Y 63385
X 626377  Y 59842
X 622047  Y 59842
X 622047  Y 63385
X 617716  Y 59842
X 617716  Y 63385
X 605905  Y 79921
X 602755  Y 81889
X 595669  Y 60629
X 594094  Y 81496
X 593307  Y 58267
X 588582  Y 82283
X 580708  Y 64960
X 529527  Y 64566
X 525590  Y 72834
X 524803  Y 64566
X 520472  Y 64566
X 466535  Y 66929
X 397637  Y 72834
X 332677  Y 69291
X 327559  Y 66141
X 311417  Y 63385
X 311417  Y 59842
X 307086  Y 63385
X 307086  Y 59842
X 302755  Y 63385
X 302755  Y 59842
X 279527  Y 74803
X 221259  Y 79921
X 220472  Y 74803
X 216929  Y 82283
X 197244  Y 59842
X 197244  Y 63385
X 195669  Y 79527
X 192913  Y 59842
X 192913  Y 63385
X 192125  Y 79133
X 188582  Y 59842
X 188582  Y 63385
X 181102  Y 72834
X 171653  Y 57874
X 137795  Y 74803
X 135039  Y 79921
X 132283  Y 82283
X 66929  Y 80708
X -17716  Y 76771
X -51181  Y 139763
X -48425  Y 224015
X -19685  Y 137795
X -19685  Y 196850
X 5905  Y 167322
X 462598  Y 216535
X 464566  Y 112204
X 907480  Y 135826
X 909448  Y 261811
X 907480  Y 389763
X 464566  Y 354330
X 25984  Y 407086
X 25590  Y 312992
X 25590  Y 506299
X 38188  Y 511417
X 180708  Y 529133
X 180708  Y 532677
X 185039  Y 529133
X 185039  Y 532677
X 189370  Y 532677
X 189370  Y 529133
X 208661  Y 521653
X 281102  Y 524015
X 302755  Y 529133
X 302755  Y 532677
X 307086  Y 529133
X 307086  Y 532677
X 311417  Y 529133
X 311417  Y 532677
X 430708  Y 527165
X 466535  Y 490157
X 485433  Y 529133
X 557874  Y 524015
X 617716  Y 529527
X 617716  Y 532677
X 622047  Y 529527
X 622047  Y 532677
X 626377  Y 529527
X 626377  Y 532677
X 631889  Y 520866
X 642913  Y 520078
X 647244  Y 521259
X 653937  Y 525196
X 699212  Y 525590
X 729527  Y 525590
X 743700  Y 529133
X 743700  Y 532677
X 748031  Y 529133
X 748031  Y 532677
X 752362  Y 529133
X 752362  Y 532677
X 762598  Y 525196
X 768110  Y 528346
X 771653  Y 532283
X 778740  Y 532283
X 799606  Y 521259
X 801181  Y 527559
X 805511  Y 518503
X 848031  Y 524015
X 907480  Y 517716
X 880314  Y 546850
X 786220  Y 538976
X 777559  Y 541732
X 773228  Y 537007
X 769291  Y 535039
X 752362  Y 550000
X 752362  Y 553543
X 748031  Y 550000
X 748031  Y 553543
X 743700  Y 550000
X 743700  Y 553543
X 730708  Y 550393
X 722047  Y 535433
X 712992  Y 535826
X 701574  Y 545275
X 698031  Y 547637
X 697244  Y 553543
X 694881  Y 542125
X 690944  Y 543307
X 684251  Y 544094
X 666141  Y 540944
X 659448  Y 539763
X 653543  Y 545669
X 647244  Y 542125
X 642913  Y 540157
X 626377  Y 550000
X 626377  Y 553543
X 622047  Y 550000
X 622047  Y 553543
X 617716  Y 550000
X 617716  Y 553543
X 605118  Y 550393
X 603543  Y 543700
X 602755  Y 540551
X 596062  Y 535826
X 593307  Y 539370
X 584645  Y 538976
X 554724  Y 538976
X 542125  Y 548031
X 538188  Y 549606
X 531889  Y 544881
X 510236  Y 533070
X 448818  Y 550393
X 429133  Y 540157
X 427165  Y 551181
X 424803  Y 540157
X 423228  Y 551181
X 420472  Y 540157
X 401968  Y 555905
X 398425  Y 535039
X 362598  Y 556692
X 359842  Y 545669
X 358661  Y 550787
X 340944  Y 544488
X 337401  Y 540157
X 329133  Y 542519
X 311417  Y 553543
X 311417  Y 550000
X 307086  Y 553543
X 307086  Y 550000
X 302755  Y 553543
X 302755  Y 550000
X 289370  Y 550393
X 276771  Y 539370
X 274409  Y 544881
X 273228  Y 540944
X 272047  Y 555905
X 270866  Y 543307
X 265748  Y 555118
X 259842  Y 556692
X 251968  Y 555905
X 239763  Y 538976
X 234251  Y 536220
X 228740  Y 535826
X 189370  Y 550393
X 189370  Y 553937
X 185039  Y 553937
X 185039  Y 550393
X 180708  Y 550393
X 180708  Y 553937
X 168110  Y 550393
X 161811  Y 541732
X 160236  Y 538582
X 156299  Y 535433
X 153543  Y 537795
X 152362  Y 555905
X 139370  Y 549606
X 130708  Y 537007
X 88582  Y 545669
X 84251  Y 548031
X 68897  Y 541338
X 55118  Y 580708
X 114566  Y 567322
X 141338  Y 582283
X 146062  Y 558267
X 147244  Y 574409
X 147244  Y 582677
X 147637  Y 568897
X 177165  Y 563779
X 201181  Y 563779
X 206692  Y 559842
X 241732  Y 582677
X 271259  Y 560629
X 295669  Y 567322
X 317716  Y 581496
X 318897  Y 568110
X 328346  Y 559842
X 381496  Y 579133
X 405511  Y 576377
X 409842  Y 574803
X 410629  Y 564960
X 410629  Y 569291
X 413779  Y 564960
X 413779  Y 569291
X 423228  Y 570866
X 423228  Y 579133
X 423228  Y 567716
X 426771  Y 570866
X 426771  Y 567716
X 427165  Y 579133
X 437007  Y 564960
X 439763  Y 569291
X 440157  Y 564960
X 569685  Y 569291
X 610629  Y 567716
X 633858  Y 567716
X 643700  Y 559448
X 707874  Y 571653
X 736220  Y 567716
X 749606  Y 564566
X 760236  Y 567716
X 769291  Y 559448
X 791732  Y 572047
X 818110  Y 570866
X 871653  Y 570866
X 499212  Y 585433
X 191732  Y 583070

Drill: .01575  Tool: 2  Feed: 95  Speed: 300
X 112661  Y 71984
X 117322  Y 67322
X 117716  Y 86220
X 121984  Y 71984
X 178346  Y 86220
X 249212  Y 86220
X 320078  Y 86220
X 390944  Y 86220
X 498425  Y 86220
X 503937  Y 86220
X 507874  Y 50393
X 507874  Y 45275
X 548425  Y 86220
X 619291  Y 86220
X 690157  Y 86220
X 761023  Y 86220
X 808330  Y 72771
X 812204  Y 86220
X 812992  Y 68110
X 817653  Y 72771
X 10629  Y 222440
X 9448  Y 215748
X 9448  Y 229133
X 3149  Y 229133
X 3149  Y 214566
X -1574  Y 250787
X -2362  Y 214566
X -32677  Y 241338
X -32677  Y 231102
X 14960  Y 264173
X 14960  Y 406299
X 23622  Y 286220
X 26771  Y 279527
X 26771  Y 274015
X 817653  Y 526834
X 812992  Y 531496
X 812598  Y 513779
X 808330  Y 526834
X 761023  Y 513779
X 690157  Y 513779
X 619291  Y 513779
X 548425  Y 513779
X 440551  Y 513779
X 435039  Y 513779
X 388976  Y 513779
X 318110  Y 513779
X 248425  Y 513779
X 176377  Y 513779
X 122377  Y 527228
X 117716  Y 531889
X 113055  Y 527228
X 105511  Y 513779
X 6299  Y 563385
X 20866  Y 544488
X 435039  Y 538976
X 439370  Y 538976

Drill: .02165  Tool: 3  Feed: 197  Speed: 550
X -12303  Y 252263 X -12303  Y 249704
X -42814  Y 252263 X -42814  Y 249704

Drill: .0315  Tool: 4  Feed: 197  Speed: 550
X -37401  Y 240157
X -17716  Y 240157

Drill: .032  Tool: 5  Feed: 197  Speed: 550
X 97362  Y 153543
X 107362  Y 153543
X 168228  Y 153543
X 178228  Y 153543
X 239094  Y 153543
X 249094  Y 153543
X 309960  Y 153543
X 319960  Y 153543
X 380826  Y 153543
X 390826  Y 153543
X 538307  Y 153543
X 548307  Y 153543
X 609173  Y 153543
X 619173  Y 153543
X 680039  Y 153543
X 690039  Y 153543
X 750905  Y 153543
X 760905  Y 153543
X 821771  Y 153543
X 831771  Y 153543
X 831771  Y 185039
X 821771  Y 185039
X 760905  Y 185039
X 750905  Y 185039
X 690039  Y 185039
X 680039  Y 185039
X 619173  Y 185039
X 609173  Y 185039
X 548307  Y 185039
X 538307  Y 185039
X 390826  Y 185039
X 380826  Y 185039
X 319960  Y 185039
X 309960  Y 185039
X 249094  Y 185039
X 239094  Y 185039
X 178228  Y 185039
X 168228  Y 185039
X 107362  Y 185039
X 97362  Y 185039
X 97362  Y 240157
X 107362  Y 240157
X 168228  Y 240157
X 178228  Y 240157
X 239094  Y 240157
X 249094  Y 240157
X 309960  Y 240157
X 319960  Y 240157
X 380826  Y 240157
X 390826  Y 240157
X 538307  Y 240157
X 548307  Y 240157
X 609173  Y 240157
X 619173  Y 240157
X 680039  Y 240157
X 690039  Y 240157
X 750905  Y 240157
X 760905  Y 240157
X 821771  Y 240157
X 831771  Y 240157
X 831771  Y 271653
X 821771  Y 271653
X 760905  Y 271653
X 750905  Y 271653
X 690039  Y 271653
X 680039  Y 271653
X 619173  Y 271653
X 609173  Y 271653
X 548307  Y 271653
X 538307  Y 271653
X 390826  Y 271653
X 380826  Y 271653
X 319960  Y 271653
X 309960  Y 271653
X 249094  Y 271653
X 239094  Y 271653
X 178228  Y 271653
X 168228  Y 271653
X 107362  Y 271653
X 97362  Y 271653
X 97362  Y 326771
X 107362  Y 326771
X 168228  Y 326771
X 178228  Y 326771
X 239094  Y 326771
X 249094  Y 326771
X 309960  Y 326771
X 319960  Y 326771
X 380826  Y 326771
X 390826  Y 326771
X 538307  Y 326771
X 548307  Y 326771
X 609173  Y 326771
X 619173  Y 326771
X 680039  Y 326771
X 690039  Y 326771
X 750905  Y 326771
X 760905  Y 326771
X 821771  Y 326771
X 831771  Y 326771
X 831771  Y 358267
X 821771  Y 358267
X 760905  Y 358267
X 750905  Y 358267
X 690039  Y 358267
X 680039  Y 358267
X 619173  Y 358267
X 609173  Y 358267
X 548307  Y 358267
X 538307  Y 358267
X 390826  Y 358267
X 380826  Y 358267
X 319960  Y 358267
X 309960  Y 358267
X 249094  Y 358267
X 239094  Y 358267
X 178228  Y 358267
X 168228  Y 358267
X 107362  Y 358267
X 97362  Y 358267
X 97362  Y 413385
X 97362  Y 444881
X 107362  Y 413385
X 107362  Y 444881
X 168228  Y 413385
X 168228  Y 444881
X 178228  Y 413385
X 178228  Y 444881
X 239094  Y 413385
X 239094  Y 444881
X 249094  Y 413385
X 249094  Y 444881
X 309960  Y 413385
X 309960  Y 444881
X 319960  Y 413385
X 319960  Y 444881
X 380826  Y 413385
X 380826  Y 444881
X 390826  Y 413385
X 390826  Y 444881
X 538307  Y 413385
X 538307  Y 444881
X 548307  Y 413385
X 548307  Y 444881
X 609173  Y 444881
X 609173  Y 413385
X 619173  Y 413385
X 619173  Y 444881
X 680039  Y 413385
X 680039  Y 444881
X 690039  Y 413385
X 690039  Y 444881
X 750905  Y 413385
X 750905  Y 444881
X 760905  Y 413385
X 760905  Y 444881
X 821771  Y 413385
X 821771  Y 444881
X 831771  Y 413385
X 831771  Y 444881

Drill: .03346  Tool: 6  Feed: 197  Speed: 550
X -12893  Y 237303 X -12893  Y 235137
X -42224  Y 237303 X -42224  Y 235137

Drill: .04  Tool: 7  Feed: 139  Speed: 550
X -55000  Y 75984
X -55000  Y 85984
X -55000  Y 185984
X -55000  Y 195984
X -55000  Y 205984
X 5000  Y 195984
X 5000  Y 185984
X 5000  Y 85984
X 5000  Y 75984
X 5000  Y 205984

Drill: .11811  Tool: 8  Feed: 69  Speed: 658
X 15748  Y 15748
X 464566  Y 15748
X 913385  Y 15748
X 913385  Y 582677
X 464566  Y 582677
X 15748  Y 582677

End of Listing
